<?xml version="1.0" encoding="UTF-8"?>
<testsuite name="com.escale.dojo.falcon.FalconApplicationTests" time="0.12" tests="1" errors="0" skipped="0" failures="1">
  <properties>
[...]
</properties>
  <testcase name="shouldSumTwoNumbers" classname="com.escale.dojo.falcon.FalconApplicationTests" time="0.12">
    <failure message="expected:&lt;3&gt; but was:&lt;4&gt;" type="java.lang.AssertionError"><![CDATA[java.lang.AssertionError: expected:<3> but was:<4>
	at org.junit.Assert.fail(Assert.java:88)
	at org.junit.Assert.failNotEquals(Assert.java:834)
	at org.junit.Assert.assertEquals(Assert.java:645)
	at org.junit.Assert.assertEquals(Assert.java:631)
	at com.escale.dojo.falcon.FalconApplicationTests.shouldSumTwoNumbers(FalconApplicationTests.java:15)
]]></failure>
    <system-out><![CDATA[18:32:14.213 [main] DEBUG org.springframework.test.context.junit4.SpringJUnit4ClassRunner - SpringJUnit4ClassRunner constructor called with [class com.escale.dojo.falcon.FalconApplicationTests]
18:32:14.256 [main] DEBUG org.springframework.test.context.BootstrapUtils - Instantiating CacheAwareContextLoaderDelegate from class [org.springframework.test.context.cache.DefaultCacheAwareContextLoaderDelegate]
18:32:14.300 [main] DEBUG org.springframework.test.context.BootstrapUtils - Instantiating BootstrapContext using constructor [public org.springframework.test.context.support.DefaultBootstrapContext(java.lang.Class,org.springframework.test.context.CacheAwareContextLoaderDelegate)]
18:32:14.347 [main] DEBUG org.springframework.test.context.BootstrapUtils - Instantiating TestContextBootstrapper for test class [com.escale.dojo.falcon.FalconApplicationTests] from class [org.springframework.boot.test.context.SpringBootTestContextBootstrapper]
18:32:14.402 [main] INFO org.springframework.boot.test.context.SpringBootTestContextBootstrapper - Neither @ContextConfiguration nor @ContextHierarchy found for test class [com.escale.dojo.falcon.FalconApplicationTests], using SpringBootContextLoader
18:32:14.412 [main] DEBUG org.springframework.test.context.support.AbstractContextLoader - Did not detect default resource location for test class [com.escale.dojo.falcon.FalconApplicationTests]: class path resource [com/escale/dojo/falcon/FalconApplicationTests-context.xml] does not exist
18:32:14.413 [main] DEBUG org.springframework.test.context.support.AbstractContextLoader - Did not detect default resource location for test class [com.escale.dojo.falcon.FalconApplicationTests]: class path resource [com/escale/dojo/falcon/FalconApplicationTestsContext.groovy] does not exist
18:32:14.414 [main] INFO org.springframework.test.context.support.AbstractContextLoader - Could not detect default resource locations for test class [com.escale.dojo.falcon.FalconApplicationTests]: no resource found for suffixes {-context.xml, Context.groovy}.
18:32:14.417 [main] INFO org.springframework.test.context.support.AnnotationConfigContextLoaderUtils - Could not detect default configuration classes for test class [com.escale.dojo.falcon.FalconApplicationTests]: FalconApplicationTests does not declare any static, non-private, non-final, nested classes annotated with @Configuration.
18:32:14.543 [main] DEBUG org.springframework.test.context.support.ActiveProfilesUtils - Could not find an 'annotation declaring class' for annotation type [org.springframework.test.context.ActiveProfiles] and class [com.escale.dojo.falcon.FalconApplicationTests]
18:32:14.578 [main] DEBUG org.springframework.core.env.StandardEnvironment - Adding PropertySource 'systemProperties' with lowest search precedence
18:32:14.580 [main] DEBUG org.springframework.core.env.StandardEnvironment - Adding PropertySource 'systemEnvironment' with lowest search precedence
18:32:14.581 [main] DEBUG org.springframework.core.env.StandardEnvironment - Initialized StandardEnvironment with PropertySources [MapPropertySource@1484673893 {name='systemProperties', properties={gopherProxySet=false, awt.toolkit=sun.lwawt.macosx.LWCToolkit, java.specification.version=9, file.encoding.pkg=sun.io, sun.cpu.isalist=, sun.jnu.encoding=UTF-8, java.class.path=/Users/rflpazini/Documents/Development/falcon/target/test-classes:/Users/rflpazini/Documents/Development/falcon/target/classes:/Users/rflpazini/.m2/repository/org/springframework/boot/spring-boot-starter/1.5.8.RELEASE/spring-boot-starter-1.5.8.RELEASE.jar:/Users/rflpazini/.m2/repository/org/springframework/boot/spring-boot/1.5.8.RELEASE/spring-boot-1.5.8.RELEASE.jar:/Users/rflpazini/.m2/repository/org/springframework/spring-context/4.3.12.RELEASE/spring-context-4.3.12.RELEASE.jar:/Users/rflpazini/.m2/repository/org/springframework/spring-aop/4.3.12.RELEASE/spring-aop-4.3.12.RELEASE.jar:/Users/rflpazini/.m2/repository/org/springframework/spring-beans/4.3.12.RELEASE/spring-beans-4.3.12.RELEASE.jar:/Users/rflpazini/.m2/repository/org/springframework/spring-expression/4.3.12.RELEASE/spring-expression-4.3.12.RELEASE.jar:/Users/rflpazini/.m2/repository/org/springframework/boot/spring-boot-autoconfigure/1.5.8.RELEASE/spring-boot-autoconfigure-1.5.8.RELEASE.jar:/Users/rflpazini/.m2/repository/org/springframework/boot/spring-boot-starter-logging/1.5.8.RELEASE/spring-boot-starter-logging-1.5.8.RELEASE.jar:/Users/rflpazini/.m2/repository/ch/qos/logback/logback-classic/1.1.11/logback-classic-1.1.11.jar:/Users/rflpazini/.m2/repository/ch/qos/logback/logback-core/1.1.11/logback-core-1.1.11.jar:/Users/rflpazini/.m2/repository/org/slf4j/jcl-over-slf4j/1.7.25/jcl-over-slf4j-1.7.25.jar:/Users/rflpazini/.m2/repository/org/slf4j/jul-to-slf4j/1.7.25/jul-to-slf4j-1.7.25.jar:/Users/rflpazini/.m2/repository/org/slf4j/log4j-over-slf4j/1.7.25/log4j-over-slf4j-1.7.25.jar:/Users/rflpazini/.m2/repository/org/springframework/spring-core/4.3.12.RELEASE/spring-core-4.3.12.RELEASE.jar:/Users/rflpazini/.m2/repository/org/yaml/snakeyaml/1.17/snakeyaml-1.17.jar:/Users/rflpazini/.m2/repository/org/springframework/boot/spring-boot-starter-test/1.5.8.RELEASE/spring-boot-starter-test-1.5.8.RELEASE.jar:/Users/rflpazini/.m2/repository/org/springframework/boot/spring-boot-test/1.5.8.RELEASE/spring-boot-test-1.5.8.RELEASE.jar:/Users/rflpazini/.m2/repository/org/springframework/boot/spring-boot-test-autoconfigure/1.5.8.RELEASE/spring-boot-test-autoconfigure-1.5.8.RELEASE.jar:/Users/rflpazini/.m2/repository/com/jayway/jsonpath/json-path/2.2.0/json-path-2.2.0.jar:/Users/rflpazini/.m2/repository/net/minidev/json-smart/2.2.1/json-smart-2.2.1.jar:/Users/rflpazini/.m2/repository/net/minidev/accessors-smart/1.1/accessors-smart-1.1.jar:/Users/rflpazini/.m2/repository/org/ow2/asm/asm/5.0.3/asm-5.0.3.jar:/Users/rflpazini/.m2/repository/org/slf4j/slf4j-api/1.7.25/slf4j-api-1.7.25.jar:/Users/rflpazini/.m2/repository/junit/junit/4.12/junit-4.12.jar:/Users/rflpazini/.m2/repository/org/assertj/assertj-core/2.6.0/assertj-core-2.6.0.jar:/Users/rflpazini/.m2/repository/org/mockito/mockito-core/1.10.19/mockito-core-1.10.19.jar:/Users/rflpazini/.m2/repository/org/objenesis/objenesis/2.1/objenesis-2.1.jar:/Users/rflpazini/.m2/repository/org/hamcrest/hamcrest-core/1.3/hamcrest-core-1.3.jar:/Users/rflpazini/.m2/repository/org/hamcrest/hamcrest-library/1.3/hamcrest-library-1.3.jar:/Users/rflpazini/.m2/repository/org/skyscreamer/jsonassert/1.4.0/jsonassert-1.4.0.jar:/Users/rflpazini/.m2/repository/com/vaadin/external/google/android-json/0.0.20131108.vaadin1/android-json-0.0.20131108.vaadin1.jar:/Users/rflpazini/.m2/repository/org/springframework/spring-test/4.3.12.RELEASE/spring-test-4.3.12.RELEASE.jar:, java.vm.vendor=Oracle Corporation, sun.arch.data.model=64, java.vendor.url=http://java.oracle.com/, user.timezone=America/Sao_Paulo, os.name=Mac OS X, java.vm.specification.version=9, sun.java.launcher=SUN_STANDARD, user.country=US, sun.boot.library.path=/Library/Java/JavaVirtualMachines/jdk-9.jdk/Contents/Home/lib, sun.java.command=/Users/rflpazini/Documents/Development/falcon/target/surefire/surefirebooter12363727549001857143.jar /Users/rflpazini/Documents/Development/falcon/target/surefire/surefire14409085855269557495tmp /Users/rflpazini/Documents/Development/falcon/target/surefire/surefire_07562575693921011357tmp, http.nonProxyHosts=local|*.local|169.254/16|*.169.254/16, jdk.debug=release, surefire.test.class.path=/Users/rflpazini/Documents/Development/falcon/target/test-classes:/Users/rflpazini/Documents/Development/falcon/target/classes:/Users/rflpazini/.m2/repository/org/springframework/boot/spring-boot-starter/1.5.8.RELEASE/spring-boot-starter-1.5.8.RELEASE.jar:/Users/rflpazini/.m2/repository/org/springframework/boot/spring-boot/1.5.8.RELEASE/spring-boot-1.5.8.RELEASE.jar:/Users/rflpazini/.m2/repository/org/springframework/spring-context/4.3.12.RELEASE/spring-context-4.3.12.RELEASE.jar:/Users/rflpazini/.m2/repository/org/springframework/spring-aop/4.3.12.RELEASE/spring-aop-4.3.12.RELEASE.jar:/Users/rflpazini/.m2/repository/org/springframework/spring-beans/4.3.12.RELEASE/spring-beans-4.3.12.RELEASE.jar:/Users/rflpazini/.m2/repository/org/springframework/spring-expression/4.3.12.RELEASE/spring-expression-4.3.12.RELEASE.jar:/Users/rflpazini/.m2/repository/org/springframework/boot/spring-boot-autoconfigure/1.5.8.RELEASE/spring-boot-autoconfigure-1.5.8.RELEASE.jar:/Users/rflpazini/.m2/repository/org/springframework/boot/spring-boot-starter-logging/1.5.8.RELEASE/spring-boot-starter-logging-1.5.8.RELEASE.jar:/Users/rflpazini/.m2/repository/ch/qos/logback/logback-classic/1.1.11/logback-classic-1.1.11.jar:/Users/rflpazini/.m2/repository/ch/qos/logback/logback-core/1.1.11/logback-core-1.1.11.jar:/Users/rflpazini/.m2/repository/org/slf4j/jcl-over-slf4j/1.7.25/jcl-over-slf4j-1.7.25.jar:/Users/rflpazini/.m2/repository/org/slf4j/jul-to-slf4j/1.7.25/jul-to-slf4j-1.7.25.jar:/Users/rflpazini/.m2/repository/org/slf4j/log4j-over-slf4j/1.7.25/log4j-over-slf4j-1.7.25.jar:/Users/rflpazini/.m2/repository/org/springframework/spring-core/4.3.12.RELEASE/spring-core-4.3.12.RELEASE.jar:/Users/rflpazini/.m2/repository/org/yaml/snakeyaml/1.17/snakeyaml-1.17.jar:/Users/rflpazini/.m2/repository/org/springframework/boot/spring-boot-starter-test/1.5.8.RELEASE/spring-boot-starter-test-1.5.8.RELEASE.jar:/Users/rflpazini/.m2/repository/org/springframework/boot/spring-boot-test/1.5.8.RELEASE/spring-boot-test-1.5.8.RELEASE.jar:/Users/rflpazini/.m2/repository/org/springframework/boot/spring-boot-test-autoconfigure/1.5.8.RELEASE/spring-boot-test-autoconfigure-1.5.8.RELEASE.jar:/Users/rflpazini/.m2/repository/com/jayway/jsonpath/json-path/2.2.0/json-path-2.2.0.jar:/Users/rflpazini/.m2/repository/net/minidev/json-smart/2.2.1/json-smart-2.2.1.jar:/Users/rflpazini/.m2/repository/net/minidev/accessors-smart/1.1/accessors-smart-1.1.jar:/Users/rflpazini/.m2/repository/org/ow2/asm/asm/5.0.3/asm-5.0.3.jar:/Users/rflpazini/.m2/repository/org/slf4j/slf4j-api/1.7.25/slf4j-api-1.7.25.jar:/Users/rflpazini/.m2/repository/junit/junit/4.12/junit-4.12.jar:/Users/rflpazini/.m2/repository/org/assertj/assertj-core/2.6.0/assertj-core-2.6.0.jar:/Users/rflpazini/.m2/repository/org/mockito/mockito-core/1.10.19/mockito-core-1.10.19.jar:/Users/rflpazini/.m2/repository/org/objenesis/objenesis/2.1/objenesis-2.1.jar:/Users/rflpazini/.m2/repository/org/hamcrest/hamcrest-core/1.3/hamcrest-core-1.3.jar:/Users/rflpazini/.m2/repository/org/hamcrest/hamcrest-library/1.3/hamcrest-library-1.3.jar:/Users/rflpazini/.m2/repository/org/skyscreamer/jsonassert/1.4.0/jsonassert-1.4.0.jar:/Users/rflpazini/.m2/repository/com/vaadin/external/google/android-json/0.0.20131108.vaadin1/android-json-0.0.20131108.vaadin1.jar:/Users/rflpazini/.m2/repository/org/springframework/spring-test/4.3.12.RELEASE/spring-test-4.3.12.RELEASE.jar:, sun.cpu.endian=little, user.home=/Users/rflpazini, user.language=en, java.specification.vendor=Oracle Corporation, java.home=/Library/Java/JavaVirtualMachines/jdk-9.jdk/Contents/Home, file.separator=/, basedir=/Users/rflpazini/Documents/Development/falcon, java.vm.compressedOopsMode=Zero based, line.separator=
, java.specification.name=Java Platform API Specification, java.vm.specification.vendor=Oracle Corporation, java.awt.graphicsenv=sun.awt.CGraphicsEnvironment, surefire.real.class.path=/Users/rflpazini/Documents/Development/falcon/target/surefire/surefirebooter12363727549001857143.jar, sun.management.compiler=HotSpot 64-Bit Tiered Compilers, ftp.nonProxyHosts=local|*.local|169.254/16|*.169.254/16, java.runtime.version=9+181, user.name=rflpazini, path.separator=:, os.version=10.13, java.runtime.name=Java(TM) SE Runtime Environment, file.encoding=UTF-8, java.vm.name=Java HotSpot(TM) 64-Bit Server VM, localRepository=/Users/rflpazini/.m2/repository, java.vendor.url.bug=http://bugreport.java.com/bugreport/, java.io.tmpdir=/var/folders/b6/23sxv82j4hs_lyh_vr197nm40000gn/T/, java.version=9, user.dir=/Users/rflpazini/Documents/Development/falcon, os.arch=x86_64, java.vm.specification.name=Java Virtual Machine Specification, java.awt.printerjob=sun.lwawt.macosx.CPrinterJob, sun.os.patch.level=unknown, java.library.path=/Users/rflpazini/Library/Java/Extensions:/Library/Java/Extensions:/Network/Library/Java/Extensions:/System/Library/Java/Extensions:/usr/lib/java:., java.vm.info=mixed mode, java.vendor=Oracle Corporation, java.vm.version=9+181, sun.io.unicode.encoding=UnicodeBig, java.class.version=53.0, socksNonProxyHosts=local|*.local|169.254/16|*.169.254/16}}, SystemEnvironmentPropertySource@587003819 {name='systemEnvironment', properties={PATH=/Users/rflpazini/.rvm/gems/ruby-2.4.1/bin:/Users/rflpazini/.rvm/gems/ruby-2.4.1@global/bin:/Users/rflpazini/.rvm/rubies/ruby-2.4.1/bin:/Users/rflpazini/Documents/Development/escale/go/bin:/usr/local/bin:/usr/bin:/bin:/usr/sbin:/sbin:/Users/rflpazini/.rvm/bin, IRBRC=/Users/rflpazini/.rvm/rubies/ruby-2.4.1/.irbrc, TTC_REPOS_DEPTH=6, rvm_silent_flag=, TTC_SAY_BOX=ironman, rvm_quiet_flag=, rvm_bin_flag=, TTC_WEATHER=04011-032, TTC_ACCESS_TOKEN=168701118-XeTpuSS9vdLbTlgjql0bqBlg8Ki2zADbxbTxHDOL, COLORTERM=truecolor, rvm_niceness=, rvm_ruby_make_install=, rvm_ruby_mode=, LOGNAME=rflpazini, rvm_version=1.29.3 (latest), PWD=/Users/rflpazini/Documents/Development/falcon, TERM_PROGRAM_VERSION=3.1.3, rvm_proxy=, JAVA_MAIN_CLASS_91726=org.codehaus.plexus.classworlds.launcher.Launcher, SHELL=/bin/zsh, PAGER=less, rvm_wrapper_name=, rvm_hook=, MY_RUBY_HOME=/Users/rflpazini/.rvm/rubies/ruby-2.4.1, OLDPWD=/Users/rflpazini/Documents/Development/falcon, GOPATH=/Users/rflpazini/Documents/Development/escale/go, rvm_sdk=, rvm_nightly_flag=, GEM_HOME=/Users/rflpazini/.rvm/gems/ruby-2.4.1, ZSH=/Users/rflpazini/.oh-my-zsh, ITERM_PROFILE=Default, rvm_path=/Users/rflpazini/.rvm, TMPDIR=/var/folders/b6/23sxv82j4hs_lyh_vr197nm40000gn/T/, rvm_use_flag=, RUBY_VERSION=ruby-2.4.1, XPC_FLAGS=0x0, TERM_SESSION_ID=w0t1p0:ABF2DDD9-378C-4916-9AF3-0D61F54C2863, _system_name=OSX, __CF_USER_TEXT_ENCODING=0x1F5:0x0:0x0, Apple_PubSub_Socket_Render=/private/tmp/com.apple.launchd.h5roWJJ0oH/Render, LESS=-R, LC_CTYPE=en_US.UTF-8, COLORFGBG=12;8, rvm_pretty_print_flag=, SHLVL=2, rvm_gemstone_package_file=, _system_arch=x86_64, rvm_bin_path=/Users/rflpazini/.rvm/bin, JAVA_HOME=/Library/Java/JavaVirtualMachines/jdk-9.jdk/Contents/Home, TERM=xterm-256color, TTC_CONSUMER_SECRET=ahzr16zB8W6airrLwcKaYMJ97u4jmS4xKwnD5C1IKPnp0hcHMR, rvm_only_path_flag=, rvm_prefix=/Users/rflpazini, LANG=en_US.UTF-8, COMMAND_MODE=unix2003, rvm_script_name=, rvm_ruby_make=, ITERM_SESSION_ID=w0t1p0:ABF2DDD9-378C-4916-9AF3-0D61F54C2863, rvm_gemstone_url=, TTC_ACCESS_TOKEN_SECRET=MG7ismoHsTZ2wNqScf7ze2KKnN18owIzkUTugcu5Q23UQ, rvm_docs_type=, XPC_SERVICE_NAME=0, MAVEN_CMD_LINE_ARGS= test, _=/Library/Java/JavaVirtualMachines/jdk-9.jdk/Contents/Home/bin/java, TERM_PROGRAM=iTerm.app, LSCOLORS=Gxfxcxdxbxegedabagacad, _system_type=Darwin, TTC_CONSUMER_KEY=raouzhRX7753VL68qu6FisHNu, MAVEN_PROJECTBASEDIR=/Users/rflpazini/Documents/Development/falcon, _system_version=10.13, USER=rflpazini, rvm_ruby_file=, rvm_ruby_bits=, rvm_alias_expanded=, SSH_AUTH_SOCK=/private/tmp/com.apple.launchd.EPtR2HQ8a4/Listeners, TTC_GITBOT=gitlog, GEM_PATH=/Users/rflpazini/.rvm/gems/ruby-2.4.1:/Users/rflpazini/.rvm/gems/ruby-2.4.1@global, TTC_REPOS=/Users/rflpazini/Documents/Development/escale/helix,/Users/rflpazini/Documents/Development,/Users/rflpazini/Documents/Development/rflpazini.github.io,/Users/rflpazini/Documents/Development/escale/go/src/github.com/escaleseo/beatrix, JAVA_MAIN_CLASS_91741=org.apache.maven.surefire.booter.ForkedBooter, HOME=/Users/rflpazini}}]
18:32:14.616 [main] DEBUG org.springframework.core.io.support.PathMatchingResourcePatternResolver - Resolved classpath location [com/escale/dojo/falcon/] to resources [URL [file:/Users/rflpazini/Documents/Development/falcon/target/test-classes/com/escale/dojo/falcon/], URL [file:/Users/rflpazini/Documents/Development/falcon/target/classes/com/escale/dojo/falcon/]]
18:32:14.617 [main] DEBUG org.springframework.core.io.support.PathMatchingResourcePatternResolver - Looking for matching resources in directory tree [/Users/rflpazini/Documents/Development/falcon/target/test-classes/com/escale/dojo/falcon]
18:32:14.617 [main] DEBUG org.springframework.core.io.support.PathMatchingResourcePatternResolver - Searching directory [/Users/rflpazini/Documents/Development/falcon/target/test-classes/com/escale/dojo/falcon] for files matching pattern [/Users/rflpazini/Documents/Development/falcon/target/test-classes/com/escale/dojo/falcon/*.class]
18:32:14.622 [main] DEBUG org.springframework.core.io.support.PathMatchingResourcePatternResolver - Looking for matching resources in directory tree [/Users/rflpazini/Documents/Development/falcon/target/classes/com/escale/dojo/falcon]
18:32:14.622 [main] DEBUG org.springframework.core.io.support.PathMatchingResourcePatternResolver - Searching directory [/Users/rflpazini/Documents/Development/falcon/target/classes/com/escale/dojo/falcon] for files matching pattern [/Users/rflpazini/Documents/Development/falcon/target/classes/com/escale/dojo/falcon/*.class]
18:32:14.623 [main] DEBUG org.springframework.core.io.support.PathMatchingResourcePatternResolver - Resolved location pattern [classpath*:com/escale/dojo/falcon/*.class] to resources [file [/Users/rflpazini/Documents/Development/falcon/target/test-classes/com/escale/dojo/falcon/FalconApplicationTests.class], file [/Users/rflpazini/Documents/Development/falcon/target/classes/com/escale/dojo/falcon/FalconApplication.class]]
18:32:14.730 [main] DEBUG org.springframework.context.annotation.ClassPathScanningCandidateComponentProvider - Identified candidate component class: file [/Users/rflpazini/Documents/Development/falcon/target/classes/com/escale/dojo/falcon/FalconApplication.class]
18:32:14.732 [main] INFO org.springframework.boot.test.context.SpringBootTestContextBootstrapper - Found @SpringBootConfiguration com.escale.dojo.falcon.FalconApplication for test class com.escale.dojo.falcon.FalconApplicationTests
18:32:14.735 [main] DEBUG org.springframework.boot.test.context.SpringBootTestContextBootstrapper - @TestExecutionListeners is not present for class [com.escale.dojo.falcon.FalconApplicationTests]: using defaults.
18:32:14.740 [main] INFO org.springframework.boot.test.context.SpringBootTestContextBootstrapper - Loaded default TestExecutionListener class names from location [META-INF/spring.factories]: [org.springframework.boot.test.mock.mockito.MockitoTestExecutionListener, org.springframework.boot.test.mock.mockito.ResetMocksTestExecutionListener, org.springframework.boot.test.autoconfigure.restdocs.RestDocsTestExecutionListener, org.springframework.boot.test.autoconfigure.web.client.MockRestServiceServerResetTestExecutionListener, org.springframework.boot.test.autoconfigure.web.servlet.MockMvcPrintOnlyOnFailureTestExecutionListener, org.springframework.boot.test.autoconfigure.web.servlet.WebDriverTestExecutionListener, org.springframework.test.context.web.ServletTestExecutionListener, org.springframework.test.context.support.DirtiesContextBeforeModesTestExecutionListener, org.springframework.test.context.support.DependencyInjectionTestExecutionListener, org.springframework.test.context.support.DirtiesContextTestExecutionListener, org.springframework.test.context.transaction.TransactionalTestExecutionListener, org.springframework.test.context.jdbc.SqlScriptsTestExecutionListener]
18:32:14.763 [main] INFO org.springframework.boot.test.context.SpringBootTestContextBootstrapper - Could not instantiate TestExecutionListener [org.springframework.test.context.transaction.TransactionalTestExecutionListener]. Specify custom listener classes or make the default listener classes (and their required dependencies) available. Offending class: [org/springframework/transaction/interceptor/TransactionAttributeSource]
18:32:14.764 [main] INFO org.springframework.boot.test.context.SpringBootTestContextBootstrapper - Could not instantiate TestExecutionListener [org.springframework.test.context.web.ServletTestExecutionListener]. Specify custom listener classes or make the default listener classes (and their required dependencies) available. Offending class: [javax/servlet/ServletContext]
18:32:14.767 [main] INFO org.springframework.boot.test.context.SpringBootTestContextBootstrapper - Could not instantiate TestExecutionListener [org.springframework.test.context.jdbc.SqlScriptsTestExecutionListener]. Specify custom listener classes or make the default listener classes (and their required dependencies) available. Offending class: [org/springframework/transaction/interceptor/TransactionAttribute]
18:32:14.767 [main] INFO org.springframework.boot.test.context.SpringBootTestContextBootstrapper - Using TestExecutionListeners: [org.springframework.test.context.support.DirtiesContextBeforeModesTestExecutionListener@6283d8b8, org.springframework.boot.test.autoconfigure.SpringBootDependencyInjectionTestExecutionListener@3b6ddd1d, org.springframework.test.context.support.DirtiesContextTestExecutionListener@3f6b0be5, org.springframework.boot.test.mock.mockito.MockitoTestExecutionListener@611889f4, org.springframework.boot.test.autoconfigure.restdocs.RestDocsTestExecutionListener@1da2cb77, org.springframework.boot.test.autoconfigure.web.client.MockRestServiceServerResetTestExecutionListener@48f278eb, org.springframework.boot.test.autoconfigure.web.servlet.MockMvcPrintOnlyOnFailureTestExecutionListener@2f217633, org.springframework.boot.test.mock.mockito.ResetMocksTestExecutionListener@a530d0a, org.springframework.boot.test.autoconfigure.web.servlet.WebDriverTestExecutionListener@1a18644]
18:32:14.776 [main] DEBUG org.springframework.test.annotation.ProfileValueUtils - Retrieved @ProfileValueSourceConfiguration [null] for test class [com.escale.dojo.falcon.FalconApplicationTests]
18:32:14.776 [main] DEBUG org.springframework.test.annotation.ProfileValueUtils - Retrieved ProfileValueSource type [class org.springframework.test.annotation.SystemProfileValueSource] for class [com.escale.dojo.falcon.FalconApplicationTests]
18:32:14.782 [main] DEBUG org.springframework.test.context.junit4.SpringJUnit4ClassRunner - SpringJUnit4ClassRunner constructor called with [class com.escale.dojo.falcon.FalconApplicationTests]
18:32:14.782 [main] DEBUG org.springframework.test.context.BootstrapUtils - Instantiating CacheAwareContextLoaderDelegate from class [org.springframework.test.context.cache.DefaultCacheAwareContextLoaderDelegate]
18:32:14.783 [main] DEBUG org.springframework.test.context.BootstrapUtils - Instantiating BootstrapContext using constructor [public org.springframework.test.context.support.DefaultBootstrapContext(java.lang.Class,org.springframework.test.context.CacheAwareContextLoaderDelegate)]
18:32:14.784 [main] DEBUG org.springframework.test.context.BootstrapUtils - Instantiating TestContextBootstrapper for test class [com.escale.dojo.falcon.FalconApplicationTests] from class [org.springframework.boot.test.context.SpringBootTestContextBootstrapper]
18:32:14.787 [main] INFO org.springframework.boot.test.context.SpringBootTestContextBootstrapper - Neither @ContextConfiguration nor @ContextHierarchy found for test class [com.escale.dojo.falcon.FalconApplicationTests], using SpringBootContextLoader
18:32:14.801 [main] DEBUG org.springframework.test.context.support.AbstractContextLoader - Did not detect default resource location for test class [com.escale.dojo.falcon.FalconApplicationTests]: class path resource [com/escale/dojo/falcon/FalconApplicationTests-context.xml] does not exist
18:32:14.803 [main] DEBUG org.springframework.test.context.support.AbstractContextLoader - Did not detect default resource location for test class [com.escale.dojo.falcon.FalconApplicationTests]: class path resource [com/escale/dojo/falcon/FalconApplicationTestsContext.groovy] does not exist
18:32:14.805 [main] INFO org.springframework.test.context.support.AbstractContextLoader - Could not detect default resource locations for test class [com.escale.dojo.falcon.FalconApplicationTests]: no resource found for suffixes {-context.xml, Context.groovy}.
18:32:14.806 [main] INFO org.springframework.test.context.support.AnnotationConfigContextLoaderUtils - Could not detect default configuration classes for test class [com.escale.dojo.falcon.FalconApplicationTests]: FalconApplicationTests does not declare any static, non-private, non-final, nested classes annotated with @Configuration.
18:32:14.815 [main] DEBUG org.springframework.test.context.support.ActiveProfilesUtils - Could not find an 'annotation declaring class' for annotation type [org.springframework.test.context.ActiveProfiles] and class [com.escale.dojo.falcon.FalconApplicationTests]
18:32:14.815 [main] DEBUG org.springframework.core.env.StandardEnvironment - Adding PropertySource 'systemProperties' with lowest search precedence
18:32:14.816 [main] DEBUG org.springframework.core.env.StandardEnvironment - Adding PropertySource 'systemEnvironment' with lowest search precedence
18:32:14.817 [main] DEBUG org.springframework.core.env.StandardEnvironment - Initialized StandardEnvironment with PropertySources [MapPropertySource@501609049 {name='systemProperties', properties={gopherProxySet=false, awt.toolkit=sun.lwawt.macosx.LWCToolkit, java.specification.version=9, file.encoding.pkg=sun.io, sun.cpu.isalist=, sun.jnu.encoding=UTF-8, java.class.path=/Users/rflpazini/Documents/Development/falcon/target/test-classes:/Users/rflpazini/Documents/Development/falcon/target/classes:/Users/rflpazini/.m2/repository/org/springframework/boot/spring-boot-starter/1.5.8.RELEASE/spring-boot-starter-1.5.8.RELEASE.jar:/Users/rflpazini/.m2/repository/org/springframework/boot/spring-boot/1.5.8.RELEASE/spring-boot-1.5.8.RELEASE.jar:/Users/rflpazini/.m2/repository/org/springframework/spring-context/4.3.12.RELEASE/spring-context-4.3.12.RELEASE.jar:/Users/rflpazini/.m2/repository/org/springframework/spring-aop/4.3.12.RELEASE/spring-aop-4.3.12.RELEASE.jar:/Users/rflpazini/.m2/repository/org/springframework/spring-beans/4.3.12.RELEASE/spring-beans-4.3.12.RELEASE.jar:/Users/rflpazini/.m2/repository/org/springframework/spring-expression/4.3.12.RELEASE/spring-expression-4.3.12.RELEASE.jar:/Users/rflpazini/.m2/repository/org/springframework/boot/spring-boot-autoconfigure/1.5.8.RELEASE/spring-boot-autoconfigure-1.5.8.RELEASE.jar:/Users/rflpazini/.m2/repository/org/springframework/boot/spring-boot-starter-logging/1.5.8.RELEASE/spring-boot-starter-logging-1.5.8.RELEASE.jar:/Users/rflpazini/.m2/repository/ch/qos/logback/logback-classic/1.1.11/logback-classic-1.1.11.jar:/Users/rflpazini/.m2/repository/ch/qos/logback/logback-core/1.1.11/logback-core-1.1.11.jar:/Users/rflpazini/.m2/repository/org/slf4j/jcl-over-slf4j/1.7.25/jcl-over-slf4j-1.7.25.jar:/Users/rflpazini/.m2/repository/org/slf4j/jul-to-slf4j/1.7.25/jul-to-slf4j-1.7.25.jar:/Users/rflpazini/.m2/repository/org/slf4j/log4j-over-slf4j/1.7.25/log4j-over-slf4j-1.7.25.jar:/Users/rflpazini/.m2/repository/org/springframework/spring-core/4.3.12.RELEASE/spring-core-4.3.12.RELEASE.jar:/Users/rflpazini/.m2/repository/org/yaml/snakeyaml/1.17/snakeyaml-1.17.jar:/Users/rflpazini/.m2/repository/org/springframework/boot/spring-boot-starter-test/1.5.8.RELEASE/spring-boot-starter-test-1.5.8.RELEASE.jar:/Users/rflpazini/.m2/repository/org/springframework/boot/spring-boot-test/1.5.8.RELEASE/spring-boot-test-1.5.8.RELEASE.jar:/Users/rflpazini/.m2/repository/org/springframework/boot/spring-boot-test-autoconfigure/1.5.8.RELEASE/spring-boot-test-autoconfigure-1.5.8.RELEASE.jar:/Users/rflpazini/.m2/repository/com/jayway/jsonpath/json-path/2.2.0/json-path-2.2.0.jar:/Users/rflpazini/.m2/repository/net/minidev/json-smart/2.2.1/json-smart-2.2.1.jar:/Users/rflpazini/.m2/repository/net/minidev/accessors-smart/1.1/accessors-smart-1.1.jar:/Users/rflpazini/.m2/repository/org/ow2/asm/asm/5.0.3/asm-5.0.3.jar:/Users/rflpazini/.m2/repository/org/slf4j/slf4j-api/1.7.25/slf4j-api-1.7.25.jar:/Users/rflpazini/.m2/repository/junit/junit/4.12/junit-4.12.jar:/Users/rflpazini/.m2/repository/org/assertj/assertj-core/2.6.0/assertj-core-2.6.0.jar:/Users/rflpazini/.m2/repository/org/mockito/mockito-core/1.10.19/mockito-core-1.10.19.jar:/Users/rflpazini/.m2/repository/org/objenesis/objenesis/2.1/objenesis-2.1.jar:/Users/rflpazini/.m2/repository/org/hamcrest/hamcrest-core/1.3/hamcrest-core-1.3.jar:/Users/rflpazini/.m2/repository/org/hamcrest/hamcrest-library/1.3/hamcrest-library-1.3.jar:/Users/rflpazini/.m2/repository/org/skyscreamer/jsonassert/1.4.0/jsonassert-1.4.0.jar:/Users/rflpazini/.m2/repository/com/vaadin/external/google/android-json/0.0.20131108.vaadin1/android-json-0.0.20131108.vaadin1.jar:/Users/rflpazini/.m2/repository/org/springframework/spring-test/4.3.12.RELEASE/spring-test-4.3.12.RELEASE.jar:, java.vm.vendor=Oracle Corporation, sun.arch.data.model=64, java.vendor.url=http://java.oracle.com/, user.timezone=America/Sao_Paulo, os.name=Mac OS X, java.vm.specification.version=9, sun.java.launcher=SUN_STANDARD, user.country=US, sun.boot.library.path=/Library/Java/JavaVirtualMachines/jdk-9.jdk/Contents/Home/lib, sun.java.command=/Users/rflpazini/Documents/Development/falcon/target/surefire/surefirebooter12363727549001857143.jar /Users/rflpazini/Documents/Development/falcon/target/surefire/surefire14409085855269557495tmp /Users/rflpazini/Documents/Development/falcon/target/surefire/surefire_07562575693921011357tmp, http.nonProxyHosts=local|*.local|169.254/16|*.169.254/16, jdk.debug=release, surefire.test.class.path=/Users/rflpazini/Documents/Development/falcon/target/test-classes:/Users/rflpazini/Documents/Development/falcon/target/classes:/Users/rflpazini/.m2/repository/org/springframework/boot/spring-boot-starter/1.5.8.RELEASE/spring-boot-starter-1.5.8.RELEASE.jar:/Users/rflpazini/.m2/repository/org/springframework/boot/spring-boot/1.5.8.RELEASE/spring-boot-1.5.8.RELEASE.jar:/Users/rflpazini/.m2/repository/org/springframework/spring-context/4.3.12.RELEASE/spring-context-4.3.12.RELEASE.jar:/Users/rflpazini/.m2/repository/org/springframework/spring-aop/4.3.12.RELEASE/spring-aop-4.3.12.RELEASE.jar:/Users/rflpazini/.m2/repository/org/springframework/spring-beans/4.3.12.RELEASE/spring-beans-4.3.12.RELEASE.jar:/Users/rflpazini/.m2/repository/org/springframework/spring-expression/4.3.12.RELEASE/spring-expression-4.3.12.RELEASE.jar:/Users/rflpazini/.m2/repository/org/springframework/boot/spring-boot-autoconfigure/1.5.8.RELEASE/spring-boot-autoconfigure-1.5.8.RELEASE.jar:/Users/rflpazini/.m2/repository/org/springframework/boot/spring-boot-starter-logging/1.5.8.RELEASE/spring-boot-starter-logging-1.5.8.RELEASE.jar:/Users/rflpazini/.m2/repository/ch/qos/logback/logback-classic/1.1.11/logback-classic-1.1.11.jar:/Users/rflpazini/.m2/repository/ch/qos/logback/logback-core/1.1.11/logback-core-1.1.11.jar:/Users/rflpazini/.m2/repository/org/slf4j/jcl-over-slf4j/1.7.25/jcl-over-slf4j-1.7.25.jar:/Users/rflpazini/.m2/repository/org/slf4j/jul-to-slf4j/1.7.25/jul-to-slf4j-1.7.25.jar:/Users/rflpazini/.m2/repository/org/slf4j/log4j-over-slf4j/1.7.25/log4j-over-slf4j-1.7.25.jar:/Users/rflpazini/.m2/repository/org/springframework/spring-core/4.3.12.RELEASE/spring-core-4.3.12.RELEASE.jar:/Users/rflpazini/.m2/repository/org/yaml/snakeyaml/1.17/snakeyaml-1.17.jar:/Users/rflpazini/.m2/repository/org/springframework/boot/spring-boot-starter-test/1.5.8.RELEASE/spring-boot-starter-test-1.5.8.RELEASE.jar:/Users/rflpazini/.m2/repository/org/springframework/boot/spring-boot-test/1.5.8.RELEASE/spring-boot-test-1.5.8.RELEASE.jar:/Users/rflpazini/.m2/repository/org/springframework/boot/spring-boot-test-autoconfigure/1.5.8.RELEASE/spring-boot-test-autoconfigure-1.5.8.RELEASE.jar:/Users/rflpazini/.m2/repository/com/jayway/jsonpath/json-path/2.2.0/json-path-2.2.0.jar:/Users/rflpazini/.m2/repository/net/minidev/json-smart/2.2.1/json-smart-2.2.1.jar:/Users/rflpazini/.m2/repository/net/minidev/accessors-smart/1.1/accessors-smart-1.1.jar:/Users/rflpazini/.m2/repository/org/ow2/asm/asm/5.0.3/asm-5.0.3.jar:/Users/rflpazini/.m2/repository/org/slf4j/slf4j-api/1.7.25/slf4j-api-1.7.25.jar:/Users/rflpazini/.m2/repository/junit/junit/4.12/junit-4.12.jar:/Users/rflpazini/.m2/repository/org/assertj/assertj-core/2.6.0/assertj-core-2.6.0.jar:/Users/rflpazini/.m2/repository/org/mockito/mockito-core/1.10.19/mockito-core-1.10.19.jar:/Users/rflpazini/.m2/repository/org/objenesis/objenesis/2.1/objenesis-2.1.jar:/Users/rflpazini/.m2/repository/org/hamcrest/hamcrest-core/1.3/hamcrest-core-1.3.jar:/Users/rflpazini/.m2/repository/org/hamcrest/hamcrest-library/1.3/hamcrest-library-1.3.jar:/Users/rflpazini/.m2/repository/org/skyscreamer/jsonassert/1.4.0/jsonassert-1.4.0.jar:/Users/rflpazini/.m2/repository/com/vaadin/external/google/android-json/0.0.20131108.vaadin1/android-json-0.0.20131108.vaadin1.jar:/Users/rflpazini/.m2/repository/org/springframework/spring-test/4.3.12.RELEASE/spring-test-4.3.12.RELEASE.jar:, sun.cpu.endian=little, user.home=/Users/rflpazini, user.language=en, java.specification.vendor=Oracle Corporation, java.home=/Library/Java/JavaVirtualMachines/jdk-9.jdk/Contents/Home, file.separator=/, basedir=/Users/rflpazini/Documents/Development/falcon, java.vm.compressedOopsMode=Zero based, line.separator=
, java.specification.name=Java Platform API Specification, java.vm.specification.vendor=Oracle Corporation, java.awt.graphicsenv=sun.awt.CGraphicsEnvironment, surefire.real.class.path=/Users/rflpazini/Documents/Development/falcon/target/surefire/surefirebooter12363727549001857143.jar, sun.management.compiler=HotSpot 64-Bit Tiered Compilers, ftp.nonProxyHosts=local|*.local|169.254/16|*.169.254/16, java.runtime.version=9+181, user.name=rflpazini, path.separator=:, os.version=10.13, java.runtime.name=Java(TM) SE Runtime Environment, file.encoding=UTF-8, java.vm.name=Java HotSpot(TM) 64-Bit Server VM, localRepository=/Users/rflpazini/.m2/repository, java.vendor.url.bug=http://bugreport.java.com/bugreport/, java.io.tmpdir=/var/folders/b6/23sxv82j4hs_lyh_vr197nm40000gn/T/, java.version=9, user.dir=/Users/rflpazini/Documents/Development/falcon, os.arch=x86_64, java.vm.specification.name=Java Virtual Machine Specification, java.awt.printerjob=sun.lwawt.macosx.CPrinterJob, sun.os.patch.level=unknown, java.library.path=/Users/rflpazini/Library/Java/Extensions:/Library/Java/Extensions:/Network/Library/Java/Extensions:/System/Library/Java/Extensions:/usr/lib/java:., java.vm.info=mixed mode, java.vendor=Oracle Corporation, java.vm.version=9+181, sun.io.unicode.encoding=UnicodeBig, java.class.version=53.0, socksNonProxyHosts=local|*.local|169.254/16|*.169.254/16}}, SystemEnvironmentPropertySource@1922930974 {name='systemEnvironment', properties={PATH=/Users/rflpazini/.rvm/gems/ruby-2.4.1/bin:/Users/rflpazini/.rvm/gems/ruby-2.4.1@global/bin:/Users/rflpazini/.rvm/rubies/ruby-2.4.1/bin:/Users/rflpazini/Documents/Development/escale/go/bin:/usr/local/bin:/usr/bin:/bin:/usr/sbin:/sbin:/Users/rflpazini/.rvm/bin, IRBRC=/Users/rflpazini/.rvm/rubies/ruby-2.4.1/.irbrc, TTC_REPOS_DEPTH=6, rvm_silent_flag=, TTC_SAY_BOX=ironman, rvm_quiet_flag=, rvm_bin_flag=, TTC_WEATHER=04011-032, TTC_ACCESS_TOKEN=168701118-XeTpuSS9vdLbTlgjql0bqBlg8Ki2zADbxbTxHDOL, COLORTERM=truecolor, rvm_niceness=, rvm_ruby_make_install=, rvm_ruby_mode=, LOGNAME=rflpazini, rvm_version=1.29.3 (latest), PWD=/Users/rflpazini/Documents/Development/falcon, TERM_PROGRAM_VERSION=3.1.3, rvm_proxy=, JAVA_MAIN_CLASS_91726=org.codehaus.plexus.classworlds.launcher.Launcher, SHELL=/bin/zsh, PAGER=less, rvm_wrapper_name=, rvm_hook=, MY_RUBY_HOME=/Users/rflpazini/.rvm/rubies/ruby-2.4.1, OLDPWD=/Users/rflpazini/Documents/Development/falcon, GOPATH=/Users/rflpazini/Documents/Development/escale/go, rvm_sdk=, rvm_nightly_flag=, GEM_HOME=/Users/rflpazini/.rvm/gems/ruby-2.4.1, ZSH=/Users/rflpazini/.oh-my-zsh, ITERM_PROFILE=Default, rvm_path=/Users/rflpazini/.rvm, TMPDIR=/var/folders/b6/23sxv82j4hs_lyh_vr197nm40000gn/T/, rvm_use_flag=, RUBY_VERSION=ruby-2.4.1, XPC_FLAGS=0x0, TERM_SESSION_ID=w0t1p0:ABF2DDD9-378C-4916-9AF3-0D61F54C2863, _system_name=OSX, __CF_USER_TEXT_ENCODING=0x1F5:0x0:0x0, Apple_PubSub_Socket_Render=/private/tmp/com.apple.launchd.h5roWJJ0oH/Render, LESS=-R, LC_CTYPE=en_US.UTF-8, COLORFGBG=12;8, rvm_pretty_print_flag=, SHLVL=2, rvm_gemstone_package_file=, _system_arch=x86_64, rvm_bin_path=/Users/rflpazini/.rvm/bin, JAVA_HOME=/Library/Java/JavaVirtualMachines/jdk-9.jdk/Contents/Home, TERM=xterm-256color, TTC_CONSUMER_SECRET=ahzr16zB8W6airrLwcKaYMJ97u4jmS4xKwnD5C1IKPnp0hcHMR, rvm_only_path_flag=, rvm_prefix=/Users/rflpazini, LANG=en_US.UTF-8, COMMAND_MODE=unix2003, rvm_script_name=, rvm_ruby_make=, ITERM_SESSION_ID=w0t1p0:ABF2DDD9-378C-4916-9AF3-0D61F54C2863, rvm_gemstone_url=, TTC_ACCESS_TOKEN_SECRET=MG7ismoHsTZ2wNqScf7ze2KKnN18owIzkUTugcu5Q23UQ, rvm_docs_type=, XPC_SERVICE_NAME=0, MAVEN_CMD_LINE_ARGS= test, _=/Library/Java/JavaVirtualMachines/jdk-9.jdk/Contents/Home/bin/java, TERM_PROGRAM=iTerm.app, LSCOLORS=Gxfxcxdxbxegedabagacad, _system_type=Darwin, TTC_CONSUMER_KEY=raouzhRX7753VL68qu6FisHNu, MAVEN_PROJECTBASEDIR=/Users/rflpazini/Documents/Development/falcon, _system_version=10.13, USER=rflpazini, rvm_ruby_file=, rvm_ruby_bits=, rvm_alias_expanded=, SSH_AUTH_SOCK=/private/tmp/com.apple.launchd.EPtR2HQ8a4/Listeners, TTC_GITBOT=gitlog, GEM_PATH=/Users/rflpazini/.rvm/gems/ruby-2.4.1:/Users/rflpazini/.rvm/gems/ruby-2.4.1@global, TTC_REPOS=/Users/rflpazini/Documents/Development/escale/helix,/Users/rflpazini/Documents/Development,/Users/rflpazini/Documents/Development/rflpazini.github.io,/Users/rflpazini/Documents/Development/escale/go/src/github.com/escaleseo/beatrix, JAVA_MAIN_CLASS_91741=org.apache.maven.surefire.booter.ForkedBooter, HOME=/Users/rflpazini}}]
18:32:14.818 [main] INFO org.springframework.boot.test.context.SpringBootTestContextBootstrapper - Found @SpringBootConfiguration com.escale.dojo.falcon.FalconApplication for test class com.escale.dojo.falcon.FalconApplicationTests
18:32:14.827 [main] DEBUG org.springframework.boot.test.context.SpringBootTestContextBootstrapper - @TestExecutionListeners is not present for class [com.escale.dojo.falcon.FalconApplicationTests]: using defaults.
18:32:14.836 [main] INFO org.springframework.boot.test.context.SpringBootTestContextBootstrapper - Loaded default TestExecutionListener class names from location [META-INF/spring.factories]: [org.springframework.boot.test.mock.mockito.MockitoTestExecutionListener, org.springframework.boot.test.mock.mockito.ResetMocksTestExecutionListener, org.springframework.boot.test.autoconfigure.restdocs.RestDocsTestExecutionListener, org.springframework.boot.test.autoconfigure.web.client.MockRestServiceServerResetTestExecutionListener, org.springframework.boot.test.autoconfigure.web.servlet.MockMvcPrintOnlyOnFailureTestExecutionListener, org.springframework.boot.test.autoconfigure.web.servlet.WebDriverTestExecutionListener, org.springframework.test.context.web.ServletTestExecutionListener, org.springframework.test.context.support.DirtiesContextBeforeModesTestExecutionListener, org.springframework.test.context.support.DependencyInjectionTestExecutionListener, org.springframework.test.context.support.DirtiesContextTestExecutionListener, org.springframework.test.context.transaction.TransactionalTestExecutionListener, org.springframework.test.context.jdbc.SqlScriptsTestExecutionListener]
18:32:14.842 [main] INFO org.springframework.boot.test.context.SpringBootTestContextBootstrapper - Could not instantiate TestExecutionListener [org.springframework.test.context.transaction.TransactionalTestExecutionListener]. Specify custom listener classes or make the default listener classes (and their required dependencies) available. Offending class: [org/springframework/transaction/interceptor/TransactionAttributeSource]
18:32:14.844 [main] INFO org.springframework.boot.test.context.SpringBootTestContextBootstrapper - Could not instantiate TestExecutionListener [org.springframework.test.context.web.ServletTestExecutionListener]. Specify custom listener classes or make the default listener classes (and their required dependencies) available. Offending class: [javax/servlet/ServletContext]
18:32:14.845 [main] INFO org.springframework.boot.test.context.SpringBootTestContextBootstrapper - Could not instantiate TestExecutionListener [org.springframework.test.context.jdbc.SqlScriptsTestExecutionListener]. Specify custom listener classes or make the default listener classes (and their required dependencies) available. Offending class: [org/springframework/transaction/interceptor/TransactionAttribute]
18:32:14.846 [main] INFO org.springframework.boot.test.context.SpringBootTestContextBootstrapper - Using TestExecutionListeners: [org.springframework.test.context.support.DirtiesContextBeforeModesTestExecutionListener@5a45133e, org.springframework.boot.test.autoconfigure.SpringBootDependencyInjectionTestExecutionListener@534a5a98, org.springframework.test.context.support.DirtiesContextTestExecutionListener@4f80542f, org.springframework.boot.test.mock.mockito.MockitoTestExecutionListener@60bd273d, org.springframework.boot.test.autoconfigure.restdocs.RestDocsTestExecutionListener@121314f7, org.springframework.boot.test.autoconfigure.web.client.MockRestServiceServerResetTestExecutionListener@130c12b7, org.springframework.boot.test.autoconfigure.web.servlet.MockMvcPrintOnlyOnFailureTestExecutionListener@5e600dd5, org.springframework.boot.test.mock.mockito.ResetMocksTestExecutionListener@576d5deb, org.springframework.boot.test.autoconfigure.web.servlet.WebDriverTestExecutionListener@5d534f5d]
18:32:14.846 [main] DEBUG org.springframework.test.annotation.ProfileValueUtils - Retrieved @ProfileValueSourceConfiguration [null] for test class [com.escale.dojo.falcon.FalconApplicationTests]
18:32:14.846 [main] DEBUG org.springframework.test.annotation.ProfileValueUtils - Retrieved ProfileValueSource type [class org.springframework.test.annotation.SystemProfileValueSource] for class [com.escale.dojo.falcon.FalconApplicationTests]
18:32:14.851 [main] DEBUG org.springframework.test.annotation.ProfileValueUtils - Retrieved @ProfileValueSourceConfiguration [null] for test class [com.escale.dojo.falcon.FalconApplicationTests]
18:32:14.851 [main] DEBUG org.springframework.test.annotation.ProfileValueUtils - Retrieved ProfileValueSource type [class org.springframework.test.annotation.SystemProfileValueSource] for class [com.escale.dojo.falcon.FalconApplicationTests]
18:32:14.863 [main] DEBUG org.springframework.test.context.support.AbstractDirtiesContextTestExecutionListener - Before test class: context [DefaultTestContext@1ffaf86 testClass = FalconApplicationTests, testInstance = [null], testMethod = [null], testException = [null], mergedContextConfiguration = [MergedContextConfiguration@6574a52c testClass = FalconApplicationTests, locations = '{}', classes = '{class com.escale.dojo.falcon.FalconApplication}', contextInitializerClasses = '[]', activeProfiles = '{}', propertySourceLocations = '{}', propertySourceProperties = '{org.springframework.boot.test.context.SpringBootTestContextBootstrapper=true}', contextCustomizers = set[org.springframework.boot.test.context.SpringBootTestContextCustomizer@175c2241, org.springframework.boot.test.context.filter.ExcludeFilterContextCustomizer@557caf28, org.springframework.boot.test.json.DuplicateJsonObjectContextCustomizerFactory$DuplicateJsonObjectContextCustomizer@3c46e67a, org.springframework.boot.test.mock.mockito.MockitoContextCustomizer@0, org.springframework.boot.test.autoconfigure.properties.PropertyMappingContextCustomizer@0, org.springframework.boot.test.autoconfigure.web.servlet.WebDriverContextCustomizerFactory$Customizer@185a6e9], contextLoader = 'org.springframework.boot.test.context.SpringBootContextLoader', parent = [null]]], class annotated with @DirtiesContext [false] with mode [null].
18:32:14.864 [main] DEBUG org.springframework.test.annotation.ProfileValueUtils - Retrieved @ProfileValueSourceConfiguration [null] for test class [com.escale.dojo.falcon.FalconApplicationTests]
18:32:14.865 [main] DEBUG org.springframework.test.annotation.ProfileValueUtils - Retrieved ProfileValueSource type [class org.springframework.test.annotation.SystemProfileValueSource] for class [com.escale.dojo.falcon.FalconApplicationTests]
18:32:14.866 [main] DEBUG org.springframework.test.context.support.DependencyInjectionTestExecutionListener - Performing dependency injection for test context [[DefaultTestContext@1ffaf86 testClass = FalconApplicationTests, testInstance = com.escale.dojo.falcon.FalconApplicationTests@738dc9b, testMethod = [null], testException = [null], mergedContextConfiguration = [MergedContextConfiguration@6574a52c testClass = FalconApplicationTests, locations = '{}', classes = '{class com.escale.dojo.falcon.FalconApplication}', contextInitializerClasses = '[]', activeProfiles = '{}', propertySourceLocations = '{}', propertySourceProperties = '{org.springframework.boot.test.context.SpringBootTestContextBootstrapper=true}', contextCustomizers = set[org.springframework.boot.test.context.SpringBootTestContextCustomizer@175c2241, org.springframework.boot.test.context.filter.ExcludeFilterContextCustomizer@557caf28, org.springframework.boot.test.json.DuplicateJsonObjectContextCustomizerFactory$DuplicateJsonObjectContextCustomizer@3c46e67a, org.springframework.boot.test.mock.mockito.MockitoContextCustomizer@0, org.springframework.boot.test.autoconfigure.properties.PropertyMappingContextCustomizer@0, org.springframework.boot.test.autoconfigure.web.servlet.WebDriverContextCustomizerFactory$Customizer@185a6e9], contextLoader = 'org.springframework.boot.test.context.SpringBootContextLoader', parent = [null]]]].
18:32:15.004 [main] DEBUG org.springframework.core.env.StandardEnvironment - Adding PropertySource 'systemProperties' with lowest search precedence
18:32:15.004 [main] DEBUG org.springframework.core.env.StandardEnvironment - Adding PropertySource 'systemEnvironment' with lowest search precedence
18:32:15.005 [main] DEBUG org.springframework.core.env.StandardEnvironment - Initialized StandardEnvironment with PropertySources [MapPropertySource@1150058854 {name='systemProperties', properties={gopherProxySet=false, awt.toolkit=sun.lwawt.macosx.LWCToolkit, java.specification.version=9, file.encoding.pkg=sun.io, sun.cpu.isalist=, sun.jnu.encoding=UTF-8, java.class.path=/Users/rflpazini/Documents/Development/falcon/target/test-classes:/Users/rflpazini/Documents/Development/falcon/target/classes:/Users/rflpazini/.m2/repository/org/springframework/boot/spring-boot-starter/1.5.8.RELEASE/spring-boot-starter-1.5.8.RELEASE.jar:/Users/rflpazini/.m2/repository/org/springframework/boot/spring-boot/1.5.8.RELEASE/spring-boot-1.5.8.RELEASE.jar:/Users/rflpazini/.m2/repository/org/springframework/spring-context/4.3.12.RELEASE/spring-context-4.3.12.RELEASE.jar:/Users/rflpazini/.m2/repository/org/springframework/spring-aop/4.3.12.RELEASE/spring-aop-4.3.12.RELEASE.jar:/Users/rflpazini/.m2/repository/org/springframework/spring-beans/4.3.12.RELEASE/spring-beans-4.3.12.RELEASE.jar:/Users/rflpazini/.m2/repository/org/springframework/spring-expression/4.3.12.RELEASE/spring-expression-4.3.12.RELEASE.jar:/Users/rflpazini/.m2/repository/org/springframework/boot/spring-boot-autoconfigure/1.5.8.RELEASE/spring-boot-autoconfigure-1.5.8.RELEASE.jar:/Users/rflpazini/.m2/repository/org/springframework/boot/spring-boot-starter-logging/1.5.8.RELEASE/spring-boot-starter-logging-1.5.8.RELEASE.jar:/Users/rflpazini/.m2/repository/ch/qos/logback/logback-classic/1.1.11/logback-classic-1.1.11.jar:/Users/rflpazini/.m2/repository/ch/qos/logback/logback-core/1.1.11/logback-core-1.1.11.jar:/Users/rflpazini/.m2/repository/org/slf4j/jcl-over-slf4j/1.7.25/jcl-over-slf4j-1.7.25.jar:/Users/rflpazini/.m2/repository/org/slf4j/jul-to-slf4j/1.7.25/jul-to-slf4j-1.7.25.jar:/Users/rflpazini/.m2/repository/org/slf4j/log4j-over-slf4j/1.7.25/log4j-over-slf4j-1.7.25.jar:/Users/rflpazini/.m2/repository/org/springframework/spring-core/4.3.12.RELEASE/spring-core-4.3.12.RELEASE.jar:/Users/rflpazini/.m2/repository/org/yaml/snakeyaml/1.17/snakeyaml-1.17.jar:/Users/rflpazini/.m2/repository/org/springframework/boot/spring-boot-starter-test/1.5.8.RELEASE/spring-boot-starter-test-1.5.8.RELEASE.jar:/Users/rflpazini/.m2/repository/org/springframework/boot/spring-boot-test/1.5.8.RELEASE/spring-boot-test-1.5.8.RELEASE.jar:/Users/rflpazini/.m2/repository/org/springframework/boot/spring-boot-test-autoconfigure/1.5.8.RELEASE/spring-boot-test-autoconfigure-1.5.8.RELEASE.jar:/Users/rflpazini/.m2/repository/com/jayway/jsonpath/json-path/2.2.0/json-path-2.2.0.jar:/Users/rflpazini/.m2/repository/net/minidev/json-smart/2.2.1/json-smart-2.2.1.jar:/Users/rflpazini/.m2/repository/net/minidev/accessors-smart/1.1/accessors-smart-1.1.jar:/Users/rflpazini/.m2/repository/org/ow2/asm/asm/5.0.3/asm-5.0.3.jar:/Users/rflpazini/.m2/repository/org/slf4j/slf4j-api/1.7.25/slf4j-api-1.7.25.jar:/Users/rflpazini/.m2/repository/junit/junit/4.12/junit-4.12.jar:/Users/rflpazini/.m2/repository/org/assertj/assertj-core/2.6.0/assertj-core-2.6.0.jar:/Users/rflpazini/.m2/repository/org/mockito/mockito-core/1.10.19/mockito-core-1.10.19.jar:/Users/rflpazini/.m2/repository/org/objenesis/objenesis/2.1/objenesis-2.1.jar:/Users/rflpazini/.m2/repository/org/hamcrest/hamcrest-core/1.3/hamcrest-core-1.3.jar:/Users/rflpazini/.m2/repository/org/hamcrest/hamcrest-library/1.3/hamcrest-library-1.3.jar:/Users/rflpazini/.m2/repository/org/skyscreamer/jsonassert/1.4.0/jsonassert-1.4.0.jar:/Users/rflpazini/.m2/repository/com/vaadin/external/google/android-json/0.0.20131108.vaadin1/android-json-0.0.20131108.vaadin1.jar:/Users/rflpazini/.m2/repository/org/springframework/spring-test/4.3.12.RELEASE/spring-test-4.3.12.RELEASE.jar:, java.vm.vendor=Oracle Corporation, sun.arch.data.model=64, java.vendor.url=http://java.oracle.com/, user.timezone=America/Sao_Paulo, os.name=Mac OS X, java.vm.specification.version=9, sun.java.launcher=SUN_STANDARD, user.country=US, sun.boot.library.path=/Library/Java/JavaVirtualMachines/jdk-9.jdk/Contents/Home/lib, sun.java.command=/Users/rflpazini/Documents/Development/falcon/target/surefire/surefirebooter12363727549001857143.jar /Users/rflpazini/Documents/Development/falcon/target/surefire/surefire14409085855269557495tmp /Users/rflpazini/Documents/Development/falcon/target/surefire/surefire_07562575693921011357tmp, http.nonProxyHosts=local|*.local|169.254/16|*.169.254/16, jdk.debug=release, surefire.test.class.path=/Users/rflpazini/Documents/Development/falcon/target/test-classes:/Users/rflpazini/Documents/Development/falcon/target/classes:/Users/rflpazini/.m2/repository/org/springframework/boot/spring-boot-starter/1.5.8.RELEASE/spring-boot-starter-1.5.8.RELEASE.jar:/Users/rflpazini/.m2/repository/org/springframework/boot/spring-boot/1.5.8.RELEASE/spring-boot-1.5.8.RELEASE.jar:/Users/rflpazini/.m2/repository/org/springframework/spring-context/4.3.12.RELEASE/spring-context-4.3.12.RELEASE.jar:/Users/rflpazini/.m2/repository/org/springframework/spring-aop/4.3.12.RELEASE/spring-aop-4.3.12.RELEASE.jar:/Users/rflpazini/.m2/repository/org/springframework/spring-beans/4.3.12.RELEASE/spring-beans-4.3.12.RELEASE.jar:/Users/rflpazini/.m2/repository/org/springframework/spring-expression/4.3.12.RELEASE/spring-expression-4.3.12.RELEASE.jar:/Users/rflpazini/.m2/repository/org/springframework/boot/spring-boot-autoconfigure/1.5.8.RELEASE/spring-boot-autoconfigure-1.5.8.RELEASE.jar:/Users/rflpazini/.m2/repository/org/springframework/boot/spring-boot-starter-logging/1.5.8.RELEASE/spring-boot-starter-logging-1.5.8.RELEASE.jar:/Users/rflpazini/.m2/repository/ch/qos/logback/logback-classic/1.1.11/logback-classic-1.1.11.jar:/Users/rflpazini/.m2/repository/ch/qos/logback/logback-core/1.1.11/logback-core-1.1.11.jar:/Users/rflpazini/.m2/repository/org/slf4j/jcl-over-slf4j/1.7.25/jcl-over-slf4j-1.7.25.jar:/Users/rflpazini/.m2/repository/org/slf4j/jul-to-slf4j/1.7.25/jul-to-slf4j-1.7.25.jar:/Users/rflpazini/.m2/repository/org/slf4j/log4j-over-slf4j/1.7.25/log4j-over-slf4j-1.7.25.jar:/Users/rflpazini/.m2/repository/org/springframework/spring-core/4.3.12.RELEASE/spring-core-4.3.12.RELEASE.jar:/Users/rflpazini/.m2/repository/org/yaml/snakeyaml/1.17/snakeyaml-1.17.jar:/Users/rflpazini/.m2/repository/org/springframework/boot/spring-boot-starter-test/1.5.8.RELEASE/spring-boot-starter-test-1.5.8.RELEASE.jar:/Users/rflpazini/.m2/repository/org/springframework/boot/spring-boot-test/1.5.8.RELEASE/spring-boot-test-1.5.8.RELEASE.jar:/Users/rflpazini/.m2/repository/org/springframework/boot/spring-boot-test-autoconfigure/1.5.8.RELEASE/spring-boot-test-autoconfigure-1.5.8.RELEASE.jar:/Users/rflpazini/.m2/repository/com/jayway/jsonpath/json-path/2.2.0/json-path-2.2.0.jar:/Users/rflpazini/.m2/repository/net/minidev/json-smart/2.2.1/json-smart-2.2.1.jar:/Users/rflpazini/.m2/repository/net/minidev/accessors-smart/1.1/accessors-smart-1.1.jar:/Users/rflpazini/.m2/repository/org/ow2/asm/asm/5.0.3/asm-5.0.3.jar:/Users/rflpazini/.m2/repository/org/slf4j/slf4j-api/1.7.25/slf4j-api-1.7.25.jar:/Users/rflpazini/.m2/repository/junit/junit/4.12/junit-4.12.jar:/Users/rflpazini/.m2/repository/org/assertj/assertj-core/2.6.0/assertj-core-2.6.0.jar:/Users/rflpazini/.m2/repository/org/mockito/mockito-core/1.10.19/mockito-core-1.10.19.jar:/Users/rflpazini/.m2/repository/org/objenesis/objenesis/2.1/objenesis-2.1.jar:/Users/rflpazini/.m2/repository/org/hamcrest/hamcrest-core/1.3/hamcrest-core-1.3.jar:/Users/rflpazini/.m2/repository/org/hamcrest/hamcrest-library/1.3/hamcrest-library-1.3.jar:/Users/rflpazini/.m2/repository/org/skyscreamer/jsonassert/1.4.0/jsonassert-1.4.0.jar:/Users/rflpazini/.m2/repository/com/vaadin/external/google/android-json/0.0.20131108.vaadin1/android-json-0.0.20131108.vaadin1.jar:/Users/rflpazini/.m2/repository/org/springframework/spring-test/4.3.12.RELEASE/spring-test-4.3.12.RELEASE.jar:, sun.cpu.endian=little, user.home=/Users/rflpazini, user.language=en, java.specification.vendor=Oracle Corporation, java.home=/Library/Java/JavaVirtualMachines/jdk-9.jdk/Contents/Home, file.separator=/, basedir=/Users/rflpazini/Documents/Development/falcon, java.vm.compressedOopsMode=Zero based, line.separator=
, java.specification.name=Java Platform API Specification, java.vm.specification.vendor=Oracle Corporation, java.awt.graphicsenv=sun.awt.CGraphicsEnvironment, surefire.real.class.path=/Users/rflpazini/Documents/Development/falcon/target/surefire/surefirebooter12363727549001857143.jar, sun.management.compiler=HotSpot 64-Bit Tiered Compilers, ftp.nonProxyHosts=local|*.local|169.254/16|*.169.254/16, java.runtime.version=9+181, user.name=rflpazini, path.separator=:, os.version=10.13, java.runtime.name=Java(TM) SE Runtime Environment, file.encoding=UTF-8, java.vm.name=Java HotSpot(TM) 64-Bit Server VM, localRepository=/Users/rflpazini/.m2/repository, java.vendor.url.bug=http://bugreport.java.com/bugreport/, java.io.tmpdir=/var/folders/b6/23sxv82j4hs_lyh_vr197nm40000gn/T/, java.version=9, user.dir=/Users/rflpazini/Documents/Development/falcon, os.arch=x86_64, java.vm.specification.name=Java Virtual Machine Specification, java.awt.printerjob=sun.lwawt.macosx.CPrinterJob, sun.os.patch.level=unknown, java.library.path=/Users/rflpazini/Library/Java/Extensions:/Library/Java/Extensions:/Network/Library/Java/Extensions:/System/Library/Java/Extensions:/usr/lib/java:., java.vm.info=mixed mode, java.vendor=Oracle Corporation, java.vm.version=9+181, sun.io.unicode.encoding=UnicodeBig, java.class.version=53.0, socksNonProxyHosts=local|*.local|169.254/16|*.169.254/16}}, SystemEnvironmentPropertySource@1148255190 {name='systemEnvironment', properties={PATH=/Users/rflpazini/.rvm/gems/ruby-2.4.1/bin:/Users/rflpazini/.rvm/gems/ruby-2.4.1@global/bin:/Users/rflpazini/.rvm/rubies/ruby-2.4.1/bin:/Users/rflpazini/Documents/Development/escale/go/bin:/usr/local/bin:/usr/bin:/bin:/usr/sbin:/sbin:/Users/rflpazini/.rvm/bin, IRBRC=/Users/rflpazini/.rvm/rubies/ruby-2.4.1/.irbrc, TTC_REPOS_DEPTH=6, rvm_silent_flag=, TTC_SAY_BOX=ironman, rvm_quiet_flag=, rvm_bin_flag=, TTC_WEATHER=04011-032, TTC_ACCESS_TOKEN=168701118-XeTpuSS9vdLbTlgjql0bqBlg8Ki2zADbxbTxHDOL, COLORTERM=truecolor, rvm_niceness=, rvm_ruby_make_install=, rvm_ruby_mode=, LOGNAME=rflpazini, rvm_version=1.29.3 (latest), PWD=/Users/rflpazini/Documents/Development/falcon, TERM_PROGRAM_VERSION=3.1.3, rvm_proxy=, JAVA_MAIN_CLASS_91726=org.codehaus.plexus.classworlds.launcher.Launcher, SHELL=/bin/zsh, PAGER=less, rvm_wrapper_name=, rvm_hook=, MY_RUBY_HOME=/Users/rflpazini/.rvm/rubies/ruby-2.4.1, OLDPWD=/Users/rflpazini/Documents/Development/falcon, GOPATH=/Users/rflpazini/Documents/Development/escale/go, rvm_sdk=, rvm_nightly_flag=, GEM_HOME=/Users/rflpazini/.rvm/gems/ruby-2.4.1, ZSH=/Users/rflpazini/.oh-my-zsh, ITERM_PROFILE=Default, rvm_path=/Users/rflpazini/.rvm, TMPDIR=/var/folders/b6/23sxv82j4hs_lyh_vr197nm40000gn/T/, rvm_use_flag=, RUBY_VERSION=ruby-2.4.1, XPC_FLAGS=0x0, TERM_SESSION_ID=w0t1p0:ABF2DDD9-378C-4916-9AF3-0D61F54C2863, _system_name=OSX, __CF_USER_TEXT_ENCODING=0x1F5:0x0:0x0, Apple_PubSub_Socket_Render=/private/tmp/com.apple.launchd.h5roWJJ0oH/Render, LESS=-R, LC_CTYPE=en_US.UTF-8, COLORFGBG=12;8, rvm_pretty_print_flag=, SHLVL=2, rvm_gemstone_package_file=, _system_arch=x86_64, rvm_bin_path=/Users/rflpazini/.rvm/bin, JAVA_HOME=/Library/Java/JavaVirtualMachines/jdk-9.jdk/Contents/Home, TERM=xterm-256color, TTC_CONSUMER_SECRET=ahzr16zB8W6airrLwcKaYMJ97u4jmS4xKwnD5C1IKPnp0hcHMR, rvm_only_path_flag=, rvm_prefix=/Users/rflpazini, LANG=en_US.UTF-8, COMMAND_MODE=unix2003, rvm_script_name=, rvm_ruby_make=, ITERM_SESSION_ID=w0t1p0:ABF2DDD9-378C-4916-9AF3-0D61F54C2863, rvm_gemstone_url=, TTC_ACCESS_TOKEN_SECRET=MG7ismoHsTZ2wNqScf7ze2KKnN18owIzkUTugcu5Q23UQ, rvm_docs_type=, XPC_SERVICE_NAME=0, MAVEN_CMD_LINE_ARGS= test, _=/Library/Java/JavaVirtualMachines/jdk-9.jdk/Contents/Home/bin/java, TERM_PROGRAM=iTerm.app, LSCOLORS=Gxfxcxdxbxegedabagacad, _system_type=Darwin, TTC_CONSUMER_KEY=raouzhRX7753VL68qu6FisHNu, MAVEN_PROJECTBASEDIR=/Users/rflpazini/Documents/Development/falcon, _system_version=10.13, USER=rflpazini, rvm_ruby_file=, rvm_ruby_bits=, rvm_alias_expanded=, SSH_AUTH_SOCK=/private/tmp/com.apple.launchd.EPtR2HQ8a4/Listeners, TTC_GITBOT=gitlog, GEM_PATH=/Users/rflpazini/.rvm/gems/ruby-2.4.1:/Users/rflpazini/.rvm/gems/ruby-2.4.1@global, TTC_REPOS=/Users/rflpazini/Documents/Development/escale/helix,/Users/rflpazini/Documents/Development,/Users/rflpazini/Documents/Development/rflpazini.github.io,/Users/rflpazini/Documents/Development/escale/go/src/github.com/escaleseo/beatrix, JAVA_MAIN_CLASS_91741=org.apache.maven.surefire.booter.ForkedBooter, HOME=/Users/rflpazini}}]
18:32:15.018 [main] DEBUG org.springframework.core.env.MutablePropertySources - Adding PropertySource 'inline' with highest search precedence
18:32:15.035 [main] DEBUG org.springframework.test.context.support.TestPropertySourceUtils - Adding inlined properties to environment: {spring.jmx.enabled=false, org.springframework.boot.test.context.SpringBootTestContextBootstrapper=true, server.port=-1}
18:32:15.038 [main] DEBUG org.springframework.core.env.StandardEnvironment - Adding PropertySource 'Inlined Test Properties' with highest search precedence

  .   ____          _            __ _ _
 /\\ / ___'_ __ _ _(_)_ __  __ _ \ \ \ \
( ( )\___ | '_ | '_| | '_ \/ _` | \ \ \ \
 \\/  ___)| |_)| | | | | || (_| |  ) ) ) )
  '  |____| .__|_| |_|_| |_\__, | / / / /
 =========|_|==============|___/=/_/_/_/
 :: Spring Boot ::        (v1.5.8.RELEASE)

2017-10-19 18:32:20.664  INFO 91741 --- [           main] c.e.dojo.falcon.FalconApplicationTests   : Starting FalconApplicationTests on Rafaels-MacBook-Air.local with PID 91741 (started by rflpazini in /Users/rflpazini/Documents/Development/falcon)
2017-10-19 18:32:20.665  INFO 91741 --- [           main] c.e.dojo.falcon.FalconApplicationTests   : No active profile set, falling back to default profiles: default
2017-10-19 18:32:20.706  INFO 91741 --- [           main] s.c.a.AnnotationConfigApplicationContext : Refreshing org.springframework.context.annotation.AnnotationConfigApplicationContext@3700ec9c: startup date [Thu Oct 19 18:32:20 BRST 2017]; root of context hierarchy
2017-10-19 18:32:21.619  INFO 91741 --- [           main] c.e.dojo.falcon.FalconApplicationTests   : Started FalconApplicationTests in 6.571 seconds (JVM running for 8.284)
]]></system-out>
  </testcase>
</testsuite>